2023-02-06 21:02:776 INFO  HomePage :56 - Click on Computers tab[[ChromeDriver: chrome on WINDOWS (12162491447e5183df8b47d18eb7f712)] -> xpath: //ul[@class='top-menu notmobile']/li[1]]
2023-02-06 21:02:296 INFO  HomePage :56 - Click on Computers tab[[ChromeDriver: chrome on WINDOWS (5684e04428b68064d044e968d1aff9d0)] -> xpath: //ul[@class='top-menu notmobile']/li[1]]
2023-02-06 21:02:695 INFO  HomePage :56 - Click on Computers tab[[ChromeDriver: chrome on WINDOWS (a27728d6f51c86792b6d2274df384ba9)] -> xpath: //ul[@class='top-menu notmobile']/li[1]]
2023-02-06 21:02:142 INFO  ComputerPage :31 - Click on Desktops[[ChromeDriver: chrome on WINDOWS (a27728d6f51c86792b6d2274df384ba9)] -> xpath: //div[@class='item-grid']/div[1]]
2023-02-06 21:02:169 INFO  BuildYourOwnComputerPage :27 - getting text from:[[ChromeDriver: chrome on WINDOWS (a27728d6f51c86792b6d2274df384ba9)] -> xpath: //div[@class='page-title']]
2023-02-06 21:02:389 INFO  HomePage :84 - Click on Loginlink[[ChromeDriver: chrome on WINDOWS (2c4bf1357b3ba817635b5aaed8c40713)] -> xpath: //a[@class='ico-login']]
2023-02-06 21:02:411 INFO  LoginPage :40 - getting text from : [[ChromeDriver: chrome on WINDOWS (2c4bf1357b3ba817635b5aaed8c40713)] -> xpath: //h1[contains(text(),'Welcome, Please Sign In!')]]
2023-02-06 21:02:871 INFO  HomePage :84 - Click on Loginlink[[ChromeDriver: chrome on WINDOWS (a4108fe5b3c24c183dd3fc744d332cd1)] -> xpath: //a[@class='ico-login']]
2023-02-06 21:02:738 INFO  HomePage :84 - Click on Loginlink[[ChromeDriver: chrome on WINDOWS (5a7a362b3b11fb8adda9196b902e858c)] -> xpath: //a[@class='ico-login']]
2023-02-06 21:02:869 INFO  HomePage :84 - Click on Loginlink[[ChromeDriver: chrome on WINDOWS (80ff94c030021ceb4d44386b102cf2b0)] -> xpath: //a[@class='ico-login']]
2023-02-06 21:02:783 INFO  HomePage :84 - Click on Loginlink[[ChromeDriver: chrome on WINDOWS (740ca1376738410870929b0e77ac7f9a)] -> xpath: //a[@class='ico-login']]
2023-02-06 21:02:197 INFO  HomePage :84 - Click on Loginlink[[ChromeDriver: chrome on WINDOWS (d3618a583ec41ceeea939f8eb8a79443)] -> xpath: //a[@class='ico-login']]
2023-02-06 21:02:136 INFO  HomePage :84 - Click on Loginlink[[ChromeDriver: chrome on WINDOWS (b01e8e7ac2d2557e1fca475833918be1)] -> xpath: //a[@class='ico-login']]
2023-02-06 21:02:933 INFO  HomePage :84 - Click on Loginlink[[ChromeDriver: chrome on WINDOWS (c373158cf0d38b9c10e7da830f8d8439)] -> xpath: //a[@class='ico-login']]
2023-02-06 21:02:409 INFO  HomePage :84 - Click on Loginlink[[ChromeDriver: chrome on WINDOWS (a65468310ceaa88227a8b6afef0df77e)] -> xpath: //a[@class='ico-login']]
2023-02-06 21:02:670 INFO  HomePage :84 - Click on Loginlink[[ChromeDriver: chrome on WINDOWS (dfdd86e6df017866c36d572d68338a3e)] -> xpath: //a[@class='ico-login']]
2023-02-06 21:02:830 INFO  HomePage :84 - Click on Loginlink[[ChromeDriver: chrome on WINDOWS (66e43e5b337e72bf956fc828e81f0ce8)] -> xpath: //a[@class='ico-login']]
2023-02-06 22:02:975 INFO  HomePage :88 - Click on Registerlink[[ChromeDriver: chrome on WINDOWS (713e7f6421bf4478137cef81976bdee7)] -> xpath: //a[contains(text(),'Register')]]
2023-02-06 22:02:999 INFO  RegisterPage :58 - RegisterText verify[[ChromeDriver: chrome on WINDOWS (713e7f6421bf4478137cef81976bdee7)] -> xpath: //div[@class='page-title']]
2023-02-06 22:02:528 INFO  HomePage :88 - Click on Registerlink[[ChromeDriver: chrome on WINDOWS (346f0c85a3ba38d6f6aacc221849515f)] -> xpath: //a[contains(text(),'Register')]]
2023-02-06 22:02:556 INFO  RegisterPage :94 - click on register button[[ChromeDriver: chrome on WINDOWS (346f0c85a3ba38d6f6aacc221849515f)] -> xpath: //button[@id='register-button']]
2023-02-06 22:02:712 INFO  RegisterPage :98 - Verify first name required[[ChromeDriver: chrome on WINDOWS (346f0c85a3ba38d6f6aacc221849515f)] -> xpath: //span[@id='FirstName-error']]
2023-02-06 22:02:774 INFO  RegisterPage :102 - Verify last name required[[ChromeDriver: chrome on WINDOWS (346f0c85a3ba38d6f6aacc221849515f)] -> xpath: //span[@id='LastName-error']]
2023-02-06 22:02:611 INFO  HomePage :88 - Click on Registerlink[[ChromeDriver: chrome on WINDOWS (c1179e2e284101c1d9c4d60755fda0a6)] -> xpath: //a[contains(text(),'Register')]]
2023-02-06 22:02:698 INFO  RegisterPage :63 - Click on MalefemaleButton[[ChromeDriver: chrome on WINDOWS (c1179e2e284101c1d9c4d60755fda0a6)] -> xpath: //span[@class='female']]
2023-02-06 22:02:14 INFO  RegisterPage :73 - select your day of birth[[ChromeDriver: chrome on WINDOWS (c1179e2e284101c1d9c4d60755fda0a6)] -> xpath: //select[@name='DateOfBirthDay']]
2023-02-06 22:02:125 INFO  RegisterPage :78 - select your month of birth[[ChromeDriver: chrome on WINDOWS (c1179e2e284101c1d9c4d60755fda0a6)] -> xpath: //select[@name='DateOfBirthMonth']]
2023-02-06 22:02:216 INFO  RegisterPage :82 - select your year of birth[[ChromeDriver: chrome on WINDOWS (c1179e2e284101c1d9c4d60755fda0a6)] -> xpath: //select[@name='DateOfBirthYear']]
2023-02-06 22:02:729 INFO  HomePage :84 - Click on Loginlink[[ChromeDriver: chrome on WINDOWS (927d5977993ae662959866a6796f1fd5)] -> xpath: //a[@class='ico-login']]
2023-02-06 22:02:362 INFO  HomePage :84 - Click on Loginlink[[ChromeDriver: chrome on WINDOWS (f8ca6cee56266dce55fa455c34291900)] -> xpath: //a[@class='ico-login']]
2023-02-06 22:02:299 INFO  HomePage :84 - Click on Loginlink[[ChromeDriver: chrome on WINDOWS (70e108fda5a88a82181d8eb17df7d39f)] -> xpath: //a[@class='ico-login']]
2023-02-06 22:02:468 INFO  HomePage :84 - Click on Loginlink[[ChromeDriver: chrome on WINDOWS (b8110d6d0a24b2af16bc53849779a56f)] -> xpath: //a[@class='ico-login']]
2023-02-06 22:02:520 INFO  HomePage :51 - clicking on login link : [[ChromeDriver: chrome on WINDOWS (2b0c33c92323eea1e5ca779ca701eb9a)] -> link text: Log in]
2023-02-06 22:02:290 INFO  HomePage :102 - getting text from : Proxy element for: DefaultElementLocator 'By.xpath: //a[contains(text(),'Log out')]'
2023-02-06 22:02:948 INFO  HomePage :51 - clicking on login link : [[ChromeDriver: chrome on WINDOWS (27f04f4c1c9d21b131b27f3c5eb85390)] -> link text: Log in]
2023-02-06 22:02:648 INFO  HomePage :102 - getting text from : Proxy element for: DefaultElementLocator 'By.xpath: //a[contains(text(),'Log out')]'
2023-02-08 13:02:419 INFO  HomePage :55 - click on register link :[[ChromeDriver: chrome on WINDOWS (6b472401bb700c0d8ecc69261fea5b9c)] -> link text: Register]
2023-02-08 13:02:485 INFO  RegisterPage :63 - Click on MalefemaleButton[[ChromeDriver: chrome on WINDOWS (6b472401bb700c0d8ecc69261fea5b9c)] -> xpath: //span[@class='female']]
2023-02-08 13:02:713 INFO  RegisterPage :73 - select your day of birth[[ChromeDriver: chrome on WINDOWS (6b472401bb700c0d8ecc69261fea5b9c)] -> xpath: //select[@name='DateOfBirthDay']]
2023-02-08 13:02:781 INFO  RegisterPage :78 - select your month of birth[[ChromeDriver: chrome on WINDOWS (6b472401bb700c0d8ecc69261fea5b9c)] -> xpath: //select[@name='DateOfBirthMonth']]
2023-02-08 13:02:843 INFO  RegisterPage :82 - select your year of birth[[ChromeDriver: chrome on WINDOWS (6b472401bb700c0d8ecc69261fea5b9c)] -> xpath: //select[@name='DateOfBirthYear']]
2023-02-08 13:02:911 INFO  HomePage :55 - click on register link :[[ChromeDriver: chrome on WINDOWS (0c96e89d6a47461cd9afc99843e5c72b)] -> link text: Register]
2023-02-08 13:02:977 INFO  RegisterPage :63 - Click on MalefemaleButton[[ChromeDriver: chrome on WINDOWS (0c96e89d6a47461cd9afc99843e5c72b)] -> xpath: //span[@class='female']]
2023-02-08 13:02:204 INFO  RegisterPage :73 - select your day of birth[[ChromeDriver: chrome on WINDOWS (0c96e89d6a47461cd9afc99843e5c72b)] -> xpath: //select[@name='DateOfBirthDay']]
2023-02-08 13:02:274 INFO  RegisterPage :78 - select your month of birth[[ChromeDriver: chrome on WINDOWS (0c96e89d6a47461cd9afc99843e5c72b)] -> xpath: //select[@name='DateOfBirthMonth']]
2023-02-08 13:02:349 INFO  RegisterPage :82 - select your year of birth[[ChromeDriver: chrome on WINDOWS (0c96e89d6a47461cd9afc99843e5c72b)] -> xpath: //select[@name='DateOfBirthYear']]
2023-02-08 13:02:129 INFO  HomePage :55 - click on register link :[[ChromeDriver: chrome on WINDOWS (a58ebf5c0bafaaeefb1554dd0b1b4c9c)] -> link text: Register]
2023-02-08 13:02:183 INFO  RegisterPage :63 - Click on MalefemaleButton[[ChromeDriver: chrome on WINDOWS (a58ebf5c0bafaaeefb1554dd0b1b4c9c)] -> xpath: //span[@class='female']]
2023-02-08 13:02:392 INFO  RegisterPage :73 - select your day of birth[[ChromeDriver: chrome on WINDOWS (a58ebf5c0bafaaeefb1554dd0b1b4c9c)] -> xpath: //select[@name='DateOfBirthDay']]
2023-02-08 13:02:456 INFO  RegisterPage :78 - select your month of birth[[ChromeDriver: chrome on WINDOWS (a58ebf5c0bafaaeefb1554dd0b1b4c9c)] -> xpath: //select[@name='DateOfBirthMonth']]
2023-02-08 13:02:520 INFO  RegisterPage :82 - select your year of birth[[ChromeDriver: chrome on WINDOWS (a58ebf5c0bafaaeefb1554dd0b1b4c9c)] -> xpath: //select[@name='DateOfBirthYear']]
2023-02-08 13:02:723 INFO  RegisterPage :94 - click on register button[[ChromeDriver: chrome on WINDOWS (a58ebf5c0bafaaeefb1554dd0b1b4c9c)] -> xpath: //button[@id='register-button']]
2023-02-08 13:02:14 INFO  HomePage :55 - click on register link :[[ChromeDriver: chrome on WINDOWS (e4c66c4c46e5a3fce93695c6d34c90ac)] -> link text: Register]
2023-02-08 13:02:33 INFO  RegisterPage :94 - click on register button[[ChromeDriver: chrome on WINDOWS (e4c66c4c46e5a3fce93695c6d34c90ac)] -> xpath: //button[@id='register-button']]
2023-02-08 13:02:105 INFO  RegisterPage :98 - Verify first name required[[ChromeDriver: chrome on WINDOWS (e4c66c4c46e5a3fce93695c6d34c90ac)] -> xpath: //span[@id='FirstName-error']]
2023-02-08 13:02:144 INFO  RegisterPage :102 - Verify last name required[[ChromeDriver: chrome on WINDOWS (e4c66c4c46e5a3fce93695c6d34c90ac)] -> xpath: //span[@id='LastName-error']]
2023-02-08 13:02:91 INFO  HomePage :55 - click on register link :[[ChromeDriver: chrome on WINDOWS (54d0b55364ab2b258ae62335176f8483)] -> link text: Register]
2023-02-08 13:02:158 INFO  RegisterPage :63 - Click on MalefemaleButton[[ChromeDriver: chrome on WINDOWS (54d0b55364ab2b258ae62335176f8483)] -> xpath: //span[@class='female']]
2023-02-08 13:02:375 INFO  RegisterPage :73 - select your day of birth[[ChromeDriver: chrome on WINDOWS (54d0b55364ab2b258ae62335176f8483)] -> xpath: //select[@name='DateOfBirthDay']]
2023-02-08 13:02:438 INFO  RegisterPage :78 - select your month of birth[[ChromeDriver: chrome on WINDOWS (54d0b55364ab2b258ae62335176f8483)] -> xpath: //select[@name='DateOfBirthMonth']]
2023-02-08 13:02:499 INFO  RegisterPage :82 - select your year of birth[[ChromeDriver: chrome on WINDOWS (54d0b55364ab2b258ae62335176f8483)] -> xpath: //select[@name='DateOfBirthYear']]
2023-02-08 13:02:720 INFO  RegisterPage :94 - click on register button[[ChromeDriver: chrome on WINDOWS (54d0b55364ab2b258ae62335176f8483)] -> xpath: //button[@id='register-button']]
2023-02-08 13:02:244 INFO  HomePage :55 - click on register link :[[ChromeDriver: chrome on WINDOWS (8f69aec5df3a7d5db1bd42a3be7cb573)] -> link text: Register]
2023-02-08 13:02:258 INFO  RegisterPage :58 - RegisterText verify[[ChromeDriver: chrome on WINDOWS (8f69aec5df3a7d5db1bd42a3be7cb573)] -> xpath: //div[@class='page-title']]
2023-02-08 13:02:203 INFO  HomePage :55 - click on register link :[[ChromeDriver: chrome on WINDOWS (ee9fb72a80a873201497a23bf57185b6)] -> link text: Register]
2023-02-08 13:02:260 INFO  RegisterPage :63 - Click on MalefemaleButton[[ChromeDriver: chrome on WINDOWS (ee9fb72a80a873201497a23bf57185b6)] -> xpath: //span[@class='female']]
2023-02-08 13:02:470 INFO  RegisterPage :73 - select your day of birth[[ChromeDriver: chrome on WINDOWS (ee9fb72a80a873201497a23bf57185b6)] -> xpath: //select[@name='DateOfBirthDay']]
2023-02-08 13:02:539 INFO  RegisterPage :78 - select your month of birth[[ChromeDriver: chrome on WINDOWS (ee9fb72a80a873201497a23bf57185b6)] -> xpath: //select[@name='DateOfBirthMonth']]
2023-02-08 13:02:593 INFO  RegisterPage :82 - select your year of birth[[ChromeDriver: chrome on WINDOWS (ee9fb72a80a873201497a23bf57185b6)] -> xpath: //select[@name='DateOfBirthYear']]
2023-02-08 13:02:793 INFO  RegisterPage :94 - click on register button[[ChromeDriver: chrome on WINDOWS (ee9fb72a80a873201497a23bf57185b6)] -> xpath: //button[@id='register-button']]
2023-02-08 13:02:97 INFO  RegisterPage :115 - Verify Registration Complete TextProxy element for: DefaultElementLocator 'By.xpath: //div[@class='result']'
2023-02-08 13:02:440 INFO  HomePage :51 - clicking on login link : [[ChromeDriver: chrome on WINDOWS (09bcd82c11ca7aafc6593eb9524d4f2d)] -> link text: Log in]
2023-02-08 13:02:206 INFO  HomePage :51 - clicking on login link : [[ChromeDriver: chrome on WINDOWS (3454c563b8e7d87e6bfca9e9b9def92a)] -> link text: Log in]
2023-02-08 13:02:102 INFO  HomePage :51 - clicking on login link : [[ChromeDriver: chrome on WINDOWS (dee88b2dfe671cd5ce120cd57adab81a)] -> link text: Log in]
2023-02-08 13:02:858 INFO  HomePage :51 - clicking on login link : [[ChromeDriver: chrome on WINDOWS (bf57df9dd7b758a1838d909e92afb64c)] -> link text: Log in]
2023-02-08 13:02:348 INFO  HomePage :106 - getting text from [[ChromeDriver: chrome on WINDOWS (bf57df9dd7b758a1838d909e92afb64c)] -> xpath: //a[contains(text(),'Log in')]]
2023-02-08 13:02:497 INFO  HomePage :51 - clicking on login link : [[ChromeDriver: chrome on WINDOWS (eaf4485118e06f4fb2d0ab54d7ec8187)] -> link text: Log in]
2023-02-08 13:02:509 INFO  LoginPage :40 - getting text from : [[ChromeDriver: chrome on WINDOWS (eaf4485118e06f4fb2d0ab54d7ec8187)] -> xpath: //h1[contains(text(),'Welcome, Please Sign In!')]]
2023-02-08 13:02:991 INFO  HomePage :51 - clicking on login link : [[ChromeDriver: chrome on WINDOWS (fbd88c2e19fc441eef94d2db5765a97a)] -> link text: Log in]
2023-02-08 13:02:538 INFO  HomePage :102 - getting text from : Proxy element for: DefaultElementLocator 'By.xpath: //a[contains(text(),'Log out')]'
2023-02-08 13:02:332 INFO  HomePage :51 - clicking on login link : [[ChromeDriver: chrome on WINDOWS (302d1ce30aa3a2d01f5d1804cef455c2)] -> link text: Log in]
2023-02-08 14:02:98 INFO  HomePage :51 - clicking on login link : [[ChromeDriver: chrome on WINDOWS (1107030beda3c3695d1ba424fc5de027)] -> link text: Log in]
2023-02-08 14:02:586 INFO  HomePage :102 - verify logout textProxy element for: DefaultElementLocator 'By.xpath: //a[contains(text(),'Log out')'
2023-02-08 14:02:465 INFO  HomePage :51 - clicking on login link : [[ChromeDriver: chrome on WINDOWS (98c9e5500a7d29937a632f55002aa7ca)] -> link text: Log in]
2023-02-08 14:02:973 INFO  HomePage :102 - verify logout linkProxy element for: DefaultElementLocator 'By.xpath: //a[contains(text(),'Log out')'
2023-02-08 14:02:649 INFO  HomePage :51 - clicking on login link : [[ChromeDriver: chrome on WINDOWS (f264f0d785698299c2ba1e3e182f0eda)] -> link text: Log in]
2023-02-08 14:02:128 INFO  HomePage :106 - verify logout linkProxy element for: DefaultElementLocator 'By.xpath: //a[contains(text(),'Log out')'
2023-02-08 14:02:297 INFO  HomePage :51 - clicking on login link : [[ChromeDriver: chrome on WINDOWS (9ac419138ef786e351bcf9e30aee40e9)] -> link text: Log in]
2023-02-08 14:02:700 INFO  HomePage :110 - getting text from [[ChromeDriver: chrome on WINDOWS (9ac419138ef786e351bcf9e30aee40e9)] -> xpath: //a[contains(text(),'Log in')]]
2023-02-08 14:02:366 INFO  HomePage :51 - clicking on login link : [[ChromeDriver: chrome on WINDOWS (e7819a2e0bda4819aed03d3b2382ad27)] -> link text: Log in]
2023-02-08 14:02:375 INFO  LoginPage :40 - getting text from : [[ChromeDriver: chrome on WINDOWS (e7819a2e0bda4819aed03d3b2382ad27)] -> xpath: //h1[contains(text(),'Welcome, Please Sign In!')]]
2023-02-08 14:02:986 INFO  HomePage :51 - clicking on login link : [[ChromeDriver: chrome on WINDOWS (1b5272b5d0553c5893c24d07aeedbc34)] -> link text: Log in]
2023-02-08 14:02:448 INFO  HomePage :106 - verify logout linkProxy element for: DefaultElementLocator 'By.xpath: //a[contains(text(),'Log out')'
2023-02-08 14:02:212 INFO  HomePage :51 - clicking on login link : [[ChromeDriver: chrome on WINDOWS (a0258e623b18c95fc1f161f4b9d6b1df)] -> link text: Log in]
2023-02-08 19:02:553 INFO  HomePage :86 - click on login link : [[ChromeDriver: chrome on WINDOWS (caf39fdde720529ecb8b4fa9df75a692)] -> xpath: //a[contains(text(),'Log in')]]
2023-02-08 19:02:06 INFO  HomePage :110 - verify logout linkProxy element for: DefaultElementLocator 'By.xpath: //a[contains(text(),'Log out')'
2023-02-08 19:02:335 INFO  HomePage :91 - click on register link :[[ChromeDriver: chrome on WINDOWS (b29bf3f34d5834ad9226f1cd4b4facc7)] -> link text: Register]
2023-02-08 19:02:379 INFO  RegisterPage :63 - Click on MalefemaleButton[[ChromeDriver: chrome on WINDOWS (b29bf3f34d5834ad9226f1cd4b4facc7)] -> xpath: //span[@class='female']]
2023-02-08 19:02:529 INFO  RegisterPage :73 - select your day of birth[[ChromeDriver: chrome on WINDOWS (b29bf3f34d5834ad9226f1cd4b4facc7)] -> xpath: //select[@name='DateOfBirthDay']]
2023-02-08 19:02:579 INFO  RegisterPage :78 - select your month of birth[[ChromeDriver: chrome on WINDOWS (b29bf3f34d5834ad9226f1cd4b4facc7)] -> xpath: //select[@name='DateOfBirthMonth']]
2023-02-08 19:02:628 INFO  RegisterPage :82 - select your year of birth[[ChromeDriver: chrome on WINDOWS (b29bf3f34d5834ad9226f1cd4b4facc7)] -> xpath: //select[@name='DateOfBirthYear']]
2023-02-08 19:02:819 INFO  RegisterPage :94 - click on register button[[ChromeDriver: chrome on WINDOWS (b29bf3f34d5834ad9226f1cd4b4facc7)] -> xpath: //button[@id='register-button']]
2023-02-08 19:02:403 INFO  RegisterPage :115 - Verify Registration Complete Text[[ChromeDriver: chrome on WINDOWS (b29bf3f34d5834ad9226f1cd4b4facc7)] -> xpath: //div[@class='result']]
2023-02-08 19:02:145 INFO  HomePage :91 - click on register link :[[ChromeDriver: chrome on WINDOWS (018fb198414dac3885d7e53a0560450e)] -> link text: Register]
2023-02-08 19:02:158 INFO  RegisterPage :58 - RegisterText verify[[ChromeDriver: chrome on WINDOWS (018fb198414dac3885d7e53a0560450e)] -> xpath: //div[@class='page-title']]
2023-02-08 19:02:67 INFO  HomePage :91 - click on register link :[[ChromeDriver: chrome on WINDOWS (649960f912e9afade8d5e933fc2e5af3)] -> link text: Register]
2023-02-08 19:02:77 INFO  RegisterPage :94 - click on register button[[ChromeDriver: chrome on WINDOWS (649960f912e9afade8d5e933fc2e5af3)] -> xpath: //button[@id='register-button']]
2023-02-08 19:02:135 INFO  RegisterPage :98 - Verify first name required[[ChromeDriver: chrome on WINDOWS (649960f912e9afade8d5e933fc2e5af3)] -> xpath: //span[@id='FirstName-error']]
2023-02-08 19:02:163 INFO  RegisterPage :102 - Verify last name required[[ChromeDriver: chrome on WINDOWS (649960f912e9afade8d5e933fc2e5af3)] -> xpath: //span[@id='LastName-error']]
2023-02-08 19:02:758 INFO  HomePage :91 - click on register link :[[ChromeDriver: chrome on WINDOWS (ca52cb5cac15c6cfc485547f058624a2)] -> link text: Register]
2023-02-08 19:02:802 INFO  RegisterPage :63 - Click on MalefemaleButton[[ChromeDriver: chrome on WINDOWS (ca52cb5cac15c6cfc485547f058624a2)] -> xpath: //span[@class='female']]
2023-02-08 19:02:957 INFO  RegisterPage :73 - select your day of birth[[ChromeDriver: chrome on WINDOWS (ca52cb5cac15c6cfc485547f058624a2)] -> xpath: //select[@name='DateOfBirthDay']]
2023-02-08 19:02:09 INFO  RegisterPage :78 - select your month of birth[[ChromeDriver: chrome on WINDOWS (ca52cb5cac15c6cfc485547f058624a2)] -> xpath: //select[@name='DateOfBirthMonth']]
2023-02-08 19:02:59 INFO  RegisterPage :82 - select your year of birth[[ChromeDriver: chrome on WINDOWS (ca52cb5cac15c6cfc485547f058624a2)] -> xpath: //select[@name='DateOfBirthYear']]
2023-02-08 19:02:247 INFO  RegisterPage :94 - click on register button[[ChromeDriver: chrome on WINDOWS (ca52cb5cac15c6cfc485547f058624a2)] -> xpath: //button[@id='register-button']]
2023-02-08 19:02:553 INFO  RegisterPage :115 - Verify Registration Complete TextProxy element for: DefaultElementLocator 'By.xpath: //div[@class='result']'
2023-02-08 19:02:320 INFO  HomePage :86 - click on login link : [[ChromeDriver: chrome on WINDOWS (c2c14bfbb2343ddb3cda2816bd58fdd7)] -> xpath: //a[contains(text(),'Log in')]]
2023-02-08 19:02:89 INFO  HomePage :86 - click on login link : [[ChromeDriver: chrome on WINDOWS (6daefde927c6be4cca87099c2aa0c56d)] -> xpath: //a[contains(text(),'Log in')]]
2023-02-08 19:02:172 INFO  HomePage :86 - click on login link : [[ChromeDriver: chrome on WINDOWS (914634ef49384eb220acd20f1612c6d5)] -> xpath: //a[contains(text(),'Log in')]]
2023-02-08 19:02:229 INFO  ComputerPage :30 - Click on DesktopsProxy element for: DefaultElementLocator 'By.xpath: //div[@class='item-grid']/div[1]'
2023-02-08 19:02:301 INFO  HomePage :86 - click on login link : [[ChromeDriver: chrome on WINDOWS (24a398641cb2f1b1311dad6a5c7c81ce)] -> xpath: //a[contains(text(),'Log in')]]
2023-02-08 19:02:366 INFO  ComputerPage :30 - Click on DesktopsProxy element for: DefaultElementLocator 'By.xpath: //div[@class='item-grid']/div[1]'
2023-02-08 20:02:01 INFO  HomePage :86 - click on login link : [[ChromeDriver: chrome on WINDOWS (6880c5fca45b104359744d84e00a8355)] -> xpath: //a[contains(text(),'Log in')]]
2023-02-08 20:02:272 INFO  HomePage :86 - click on login link : [[ChromeDriver: chrome on WINDOWS (04b92843439cec98062144715719cf59)] -> xpath: //a[contains(text(),'Log in')]]
2023-02-08 20:02:439 INFO  HomePage :86 - click on login link : [[ChromeDriver: chrome on WINDOWS (090b9503fc81cf2dce3999515f4d4f34)] -> xpath: //a[contains(text(),'Log in')]]
2023-02-08 20:02:373 INFO  HomePage :86 - click on login link : [[ChromeDriver: chrome on WINDOWS (a5deb6ad1dd522708574d60c28569603)] -> xpath: //a[contains(text(),'Log in')]]
2023-02-08 20:02:932 INFO  HomePage :91 - click on register link :[[ChromeDriver: chrome on WINDOWS (52b0ad87eb8df17dc591b298f92d871e)] -> link text: Register]
2023-02-08 20:02:28 INFO  RegisterPage :63 - Click on MalefemaleButton[[ChromeDriver: chrome on WINDOWS (52b0ad87eb8df17dc591b298f92d871e)] -> xpath: //span[@class='female']]
2023-02-08 20:02:353 INFO  RegisterPage :73 - select your day of birth[[ChromeDriver: chrome on WINDOWS (52b0ad87eb8df17dc591b298f92d871e)] -> xpath: //select[@name='DateOfBirthDay']]
2023-02-08 20:02:469 INFO  RegisterPage :78 - select your month of birth[[ChromeDriver: chrome on WINDOWS (52b0ad87eb8df17dc591b298f92d871e)] -> xpath: //select[@name='DateOfBirthMonth']]
2023-02-08 20:02:575 INFO  RegisterPage :82 - select your year of birth[[ChromeDriver: chrome on WINDOWS (52b0ad87eb8df17dc591b298f92d871e)] -> xpath: //select[@name='DateOfBirthYear']]
2023-02-08 20:02:937 INFO  RegisterPage :94 - click on register button[[ChromeDriver: chrome on WINDOWS (52b0ad87eb8df17dc591b298f92d871e)] -> xpath: //button[@id='register-button']]
2023-02-08 20:02:568 INFO  RegisterPage :115 - Verify Registration Complete Text[[ChromeDriver: chrome on WINDOWS (52b0ad87eb8df17dc591b298f92d871e)] -> xpath: //div[@class='result']]
2023-02-08 20:02:541 INFO  HomePage :86 - click on login link : [[ChromeDriver: chrome on WINDOWS (770f9db1c390a54a325dae3b5755421e)] -> xpath: //a[contains(text(),'Log in')]]
2023-02-08 20:02:415 INFO  HomePage :86 - click on login link : [[ChromeDriver: chrome on WINDOWS (d8c4e1ab95a7da5034f78f08dc365eea)] -> xpath: //a[contains(text(),'Log in')]]
2023-02-08 20:02:991 INFO  HomePage :86 - click on login link : [[ChromeDriver: chrome on WINDOWS (cc7aa7771924be5493789162c6fb9ed6)] -> xpath: //a[contains(text(),'Log in')]]
2023-02-08 21:02:434 INFO  HomePage :86 - click on login link : [[ChromeDriver: chrome on WINDOWS (6ea410ce7f97c7b1a6892cbb0acb9bb6)] -> xpath: //a[contains(text(),'Log in')]]
2023-02-08 21:02:126 INFO  HomePage :86 - click on login link : [[ChromeDriver: chrome on WINDOWS (1b51cc6a9271aa97478fcdb7169b81cd)] -> xpath: //a[contains(text(),'Log in')]]
2023-02-08 21:02:846 INFO  HomePage :86 - click on login link : [[ChromeDriver: chrome on WINDOWS (9f52c7d253f7ce2dfec921b886f65680)] -> xpath: //a[contains(text(),'Log in')]]
2023-02-08 21:02:362 INFO  HomePage :86 - click on login link : [[ChromeDriver: chrome on WINDOWS (211b9692282cdba6659c8695590cede7)] -> xpath: //a[contains(text(),'Log in')]]
2023-02-08 21:02:404 INFO  HomePage :86 - click on login link : [[ChromeDriver: chrome on WINDOWS (6d6c853b61338b4f03fb36faedccbf61)] -> xpath: //a[contains(text(),'Log in')]]
2023-02-08 21:02:126 INFO  HomePage :110 - verify logout linkProxy element for: DefaultElementLocator 'By.xpath: //a[contains(text(),'Log out')'
2023-02-08 21:02:223 INFO  HomePage :86 - click on login link : [[ChromeDriver: chrome on WINDOWS (fe1a7c3acbff48f482413d47bf56a4f2)] -> xpath: //a[contains(text(),'Log in')]]
2023-02-08 21:02:248 INFO  BuildYourOwnComputerPage :27 - getting text from:[[ChromeDriver: chrome on WINDOWS (fe1a7c3acbff48f482413d47bf56a4f2)] -> xpath: //div[@class='page-title']]
2023-02-08 21:02:568 INFO  HomePage :52 - click on computer Tab[[ChromeDriver: chrome on WINDOWS (0dbc44c8001cdb7a6157d3bec1e42bc0)] -> xpath: //ul[@class='top-menu notmobile']//a[contains(text(),'Computers ')]]
2023-02-08 21:02:748 INFO  ComputerPage :31 - Click on DesktopslinkProxy element for: DefaultElementLocator 'By.xpath: //div[@class='page-body']/div[1]/div[1]/div[1]/div[1]/h2/a'
2023-02-08 21:02:766 INFO  BuildYourOwnComputerPage :27 - getting text from:[[ChromeDriver: chrome on WINDOWS (0dbc44c8001cdb7a6157d3bec1e42bc0)] -> xpath: //div[@class='page-title']]
2023-02-08 21:02:423 INFO  HomePage :52 - click on computer Tab[[ChromeDriver: chrome on WINDOWS (4d050910b455b6f4a49453396f71d5c2)] -> xpath: //ul[@class='top-menu notmobile']//a[contains(text(),'Computers ')]]
2023-02-08 21:02:916 INFO  ComputerPage :31 - Click on DesktopslinkProxy element for: DefaultElementLocator 'By.xpath: //div[@class='page-body']/div[1]/div[1]/div[1]/div[1]/h2/a'
2023-02-08 21:02:986 INFO  BuildYourOwnComputerPage :38 - getting text fromProxy element for: DefaultElementLocator 'By.xpath: //h1[contains(text(),'Build your own computer')]'
2023-02-08 21:02:496 INFO  HomePage :52 - click on computer Tab[[ChromeDriver: chrome on WINDOWS (d692d2c2ab3cd6167f968512e80ef315)] -> xpath: //ul[@class='top-menu notmobile']//a[contains(text(),'Computers ')]]
2023-02-08 21:02:848 INFO  HomePage :52 - click on computer Tab[[ChromeDriver: chrome on WINDOWS (4b556d470e01675fdd3fe715e905e9e3)] -> xpath: //ul[@class='top-menu notmobile']//a[contains(text(),'Computers ')]]
2023-02-08 21:02:370 INFO  ComputerPage :31 - Click on DesktopslinkProxy element for: DefaultElementLocator 'By.xpath: //div[@class='page-body']/div[1]/div[1]/div[1]/div[1]/h2/a'
2023-02-08 21:02:368 INFO  BuildYourOwnComputerPage :44 - Click on Build Your Own ComputerProxy element for: DefaultElementLocator 'By.linkText: Build your own computer'
2023-02-08 21:02:684 INFO  BuildYourOwnComputerPage :54 - Click on ButtonHDD[[ChromeDriver: chrome on WINDOWS (4b556d470e01675fdd3fe715e905e9e3)] -> xpath: //input[@id='product_attribute_3_6']]
2023-02-08 21:02:751 INFO  BuildYourOwnComputerPage :58 - Click on ButtonOS[[ChromeDriver: chrome on WINDOWS (4b556d470e01675fdd3fe715e905e9e3)] -> xpath: //input[@id='product_attribute_4_8']]
2023-02-08 21:02:828 INFO  BuildYourOwnComputerPage :62 - Click on Software[[ChromeDriver: chrome on WINDOWS (4b556d470e01675fdd3fe715e905e9e3)] -> xpath: //input[@id='product_attribute_5_10']]
2023-02-08 21:02:900 INFO  BuildYourOwnComputerPage :66 - Click on AddToCartButton[[ChromeDriver: chrome on WINDOWS (4b556d470e01675fdd3fe715e905e9e3)] -> xpath: //button[@id='add-to-cart-button-1']]
2023-02-08 21:02:304 INFO  HomePage :52 - click on computer Tab[[ChromeDriver: chrome on WINDOWS (4b642939026ef85e9537c0fc0c2f1f5e)] -> xpath: //ul[@class='top-menu notmobile']//a[contains(text(),'Computers ')]]
2023-02-08 21:02:804 INFO  ComputerPage :31 - Click on DesktopslinkProxy element for: DefaultElementLocator 'By.xpath: //div[@class='page-body']/div[1]/div[1]/div[1]/div[1]/h2/a'
2023-02-08 21:02:549 INFO  BuildYourOwnComputerPage :44 - Click on Build Your Own ComputerProxy element for: DefaultElementLocator 'By.linkText: Build your own computer'
2023-02-08 21:02:799 INFO  BuildYourOwnComputerPage :54 - Click on ButtonHDD[[ChromeDriver: chrome on WINDOWS (4b642939026ef85e9537c0fc0c2f1f5e)] -> xpath: //input[@id='product_attribute_3_6']]
2023-02-08 21:02:872 INFO  BuildYourOwnComputerPage :58 - Click on ButtonOS[[ChromeDriver: chrome on WINDOWS (4b642939026ef85e9537c0fc0c2f1f5e)] -> xpath: //input[@id='product_attribute_4_8']]
2023-02-08 21:02:948 INFO  BuildYourOwnComputerPage :62 - Click on Software[[ChromeDriver: chrome on WINDOWS (4b642939026ef85e9537c0fc0c2f1f5e)] -> xpath: //input[@id='product_attribute_5_10']]
2023-02-08 21:02:21 INFO  BuildYourOwnComputerPage :66 - Click on AddToCartButton[[ChromeDriver: chrome on WINDOWS (4b642939026ef85e9537c0fc0c2f1f5e)] -> xpath: //button[@id='add-to-cart-button-1']]
2023-02-08 21:02:355 INFO  HomePage :52 - click on computer Tab[[ChromeDriver: chrome on WINDOWS (e5e0da23eb85851d932c5c70cd74c7d2)] -> xpath: //ul[@class='top-menu notmobile']//a[contains(text(),'Computers ')]]
2023-02-08 21:02:866 INFO  ComputerPage :31 - Click on DesktopslinkProxy element for: DefaultElementLocator 'By.xpath: //div[@class='page-body']/div[1]/div[1]/div[1]/div[1]/h2/a'
2023-02-08 21:02:700 INFO  BuildYourOwnComputerPage :44 - Click on Build Your Own ComputerProxy element for: DefaultElementLocator 'By.linkText: Build your own computer'
2023-02-08 21:02:941 INFO  BuildYourOwnComputerPage :54 - Click on ButtonHDD[[ChromeDriver: chrome on WINDOWS (e5e0da23eb85851d932c5c70cd74c7d2)] -> xpath: //input[@id='product_attribute_3_6']]
2023-02-08 21:02:09 INFO  BuildYourOwnComputerPage :58 - Click on ButtonOS[[ChromeDriver: chrome on WINDOWS (e5e0da23eb85851d932c5c70cd74c7d2)] -> xpath: //input[@id='product_attribute_4_8']]
2023-02-08 21:02:73 INFO  BuildYourOwnComputerPage :62 - Click on Software[[ChromeDriver: chrome on WINDOWS (e5e0da23eb85851d932c5c70cd74c7d2)] -> xpath: //input[@id='product_attribute_5_10']]
2023-02-08 21:02:136 INFO  BuildYourOwnComputerPage :66 - Click on AddToCartButton[[ChromeDriver: chrome on WINDOWS (e5e0da23eb85851d932c5c70cd74c7d2)] -> xpath: //button[@id='add-to-cart-button-1']]
2023-02-08 21:02:859 INFO  HomePage :86 - click on login link : [[ChromeDriver: chrome on WINDOWS (2e323730b358603838e3b111a292ce41)] -> xpath: //a[contains(text(),'Log in')]]
2023-02-08 21:02:908 INFO  HomePage :69 - clicking on login link : [[ChromeDriver: chrome on WINDOWS (af1719ff9029be745e6f0dfd4739ffc1)] -> link text: Log in]
2023-02-08 21:02:546 INFO  HomePage :137 - getting text from : Proxy element for: DefaultElementLocator 'By.xpath: //a[contains(text(),'Log out')]'
2023-02-08 22:02:716 INFO  HomePage :69 - clicking on login link : [[ChromeDriver: chrome on WINDOWS (506d8bfc49addec008b1c60eb4ecf272)] -> link text: Log in]
2023-02-08 22:02:934 INFO  HomePage :69 - clicking on login link : [[ChromeDriver: chrome on WINDOWS (e92441f15d3bc14882d404d0defff267)] -> link text: Log in]
2023-02-08 22:02:791 INFO  HomePage :137 - getting text from : [[ChromeDriver: chrome on WINDOWS (e92441f15d3bc14882d404d0defff267)] -> xpath: //a[contains(text(),'Log out')]]
2023-02-08 22:02:152 INFO  HomePage :69 - clicking on login link : [[ChromeDriver: chrome on WINDOWS (027f5f47dea3b51ef47488aed8aad5b9)] -> link text: Log in]
2023-02-08 22:02:569 INFO  HomePage :84 - Click on logoout linkProxy element for: DefaultElementLocator 'By.xpath: //a[@href='/logout']'
2023-02-08 22:02:583 INFO  HomePage :142 - getting text from [[ChromeDriver: chrome on WINDOWS (027f5f47dea3b51ef47488aed8aad5b9)] -> xpath: //a[contains(text(),'Log in')]]
2023-02-08 22:02:198 INFO  HomePage :69 - clicking on login link : [[ChromeDriver: chrome on WINDOWS (975b62ad7e5e2f6b8c35b0318ea110ac)] -> link text: Log in]
2023-02-08 22:02:699 INFO  HomePage :84 - Click on logoout linkProxy element for: DefaultElementLocator 'By.xpath: //a[@href='/logout']'
2023-02-08 22:02:714 INFO  HomePage :142 - getting text from [[ChromeDriver: chrome on WINDOWS (975b62ad7e5e2f6b8c35b0318ea110ac)] -> xpath: //a[contains(text(),'Log in')]]
2023-02-08 22:02:658 INFO  HomePage :69 - clicking on login link : [[ChromeDriver: chrome on WINDOWS (ff942854f380b2116e6138cf02db0572)] -> link text: Log in]
2023-02-08 22:02:681 INFO  LoginPage :40 - getting text from : [[ChromeDriver: chrome on WINDOWS (ff942854f380b2116e6138cf02db0572)] -> xpath: //h1[contains(text(),'Welcome, Please Sign In!')]]
2023-02-08 22:02:972 INFO  HomePage :69 - clicking on login link : [[ChromeDriver: chrome on WINDOWS (6c4429ea59239b837061b5299c6cee37)] -> link text: Log in]
2023-02-08 22:02:871 INFO  HomePage :137 - getting text from : [[ChromeDriver: chrome on WINDOWS (6c4429ea59239b837061b5299c6cee37)] -> xpath: //a[contains(text(),'Log out')]]
2023-02-08 22:02:98 INFO  HomePage :69 - clicking on login link : [[ChromeDriver: chrome on WINDOWS (4708634c1d2745f046777774a8fb5d1c)] -> link text: Log in]
2023-02-08 22:02:893 INFO  HomePage :69 - clicking on login link : [[ChromeDriver: chrome on WINDOWS (6e136612fb23a9a48735bdeb8719e5d8)] -> link text: Log in]
2023-02-08 22:02:389 INFO  HomePage :84 - Click on logoout linkProxy element for: DefaultElementLocator 'By.xpath: //a[@href='/logout']'
2023-02-08 22:02:402 INFO  HomePage :142 - getting text from [[ChromeDriver: chrome on WINDOWS (6e136612fb23a9a48735bdeb8719e5d8)] -> xpath: //a[contains(text(),'Log in')]]
2023-02-08 22:02:123 INFO  HomePage :69 - clicking on login link : [[ChromeDriver: chrome on WINDOWS (c2b9d5ba7a16dbf20b66a648e614bd87)] -> link text: Log in]
2023-02-08 22:02:143 INFO  LoginPage :40 - getting text from : [[ChromeDriver: chrome on WINDOWS (c2b9d5ba7a16dbf20b66a648e614bd87)] -> xpath: //h1[contains(text(),'Welcome, Please Sign In!')]]
2023-02-08 22:02:216 INFO  HomePage :69 - clicking on login link : [[ChromeDriver: chrome on WINDOWS (e51f28805b2ff35d04eda5354197ea7d)] -> link text: Log in]
2023-02-08 22:02:119 INFO  HomePage :137 - getting text from : [[ChromeDriver: chrome on WINDOWS (e51f28805b2ff35d04eda5354197ea7d)] -> xpath: //a[contains(text(),'Log out')]]
2023-02-08 22:02:390 INFO  HomePage :69 - clicking on login link : [[ChromeDriver: chrome on WINDOWS (b1aef15430cf2d4035332e18ab08eb76)] -> link text: Log in]
2023-02-08 22:02:352 INFO  HomePage :69 - clicking on login link : [[ChromeDriver: chrome on WINDOWS (1d4404e501e59ffcc138711f65589cbb)] -> link text: Log in]
2023-02-08 22:02:828 INFO  HomePage :84 - Click on logoout linkProxy element for: DefaultElementLocator 'By.xpath: //a[@href='/logout']'
2023-02-08 22:02:842 INFO  HomePage :142 - getting text from [[ChromeDriver: chrome on WINDOWS (1d4404e501e59ffcc138711f65589cbb)] -> xpath: //a[contains(text(),'Log in')]]
2023-02-08 22:02:960 INFO  HomePage :69 - clicking on login link : [[ChromeDriver: chrome on WINDOWS (1b5d377998adc1967a889642db8588cf)] -> link text: Log in]
2023-02-08 22:02:978 INFO  LoginPage :40 - getting text from : [[ChromeDriver: chrome on WINDOWS (1b5d377998adc1967a889642db8588cf)] -> xpath: //h1[contains(text(),'Welcome, Please Sign In!')]]
2023-02-08 22:02:884 INFO  HomePage :69 - clicking on login link : [[ChromeDriver: chrome on WINDOWS (862abfe8cce5086eb3d3dcc5df20187c)] -> link text: Log in]
2023-02-08 22:02:769 INFO  HomePage :137 - getting text from : [[ChromeDriver: chrome on WINDOWS (862abfe8cce5086eb3d3dcc5df20187c)] -> xpath: //a[contains(text(),'Log out')]]
2023-02-08 22:02:367 INFO  HomePage :69 - clicking on login link : [[ChromeDriver: chrome on WINDOWS (2e7bdc8f5427a4b69bb9075537993649)] -> link text: Log in]
